PLINK v1.90b7.1 64-bit (18 Oct 2023)
Options in effect:
  --bfile Qatari156_filtered_pruned
  --noweb
  --out pca_results
  --pca

Hostname: 192.168.1.159
Working directory: /Users/adele/Desktop/College/Year4/Term1/CSE493-Bioinformatics/Labs/Lab4
Start time: Fri Nov  3 22:34:38 2023

Note: --noweb has no effect since no web check is implemented yet.
Random number seed: 1699043678
8192 MB RAM detected; reserving 4096 MB for main workspace.
67735 variants loaded from .bim file.
156 people (49 males, 107 females) loaded from .fam.
Using up to 8 threads (change this with --threads).
Before main variant filters, 156 founders and 0 nonfounders present.
Calculating allele frequencies... done.
Warning: 1388 het. haploid genotypes present (see pca_results.hh ); many
commands treat these as missing.
Total genotyping rate is 0.998816.
67735 variants and 156 people pass filters and QC.
Note: No phenotypes present.
Excluding 1657 variants on non-autosomes from relationship matrix calc.
Relationship matrix calculation complete.
--pca: Results saved to pca_results.eigenval and pca_results.eigenvec .

End time: Fri Nov  3 22:34:39 2023
